[logs/Android_Pixel_6_Pro INFO ] 2024-11-06 12:25:29.890 Basetest:272 - appURL is:http://0.0.0.0:4723
[logs/Android_Pixel_6_Pro INFO ] 2024-11-06 12:25:43.186 LoginPage:42 - entering activation code:gdottest
[logs/Android_Pixel_6_Pro INFO ] 2024-11-06 12:25:48.204 BasePage:44 - Click Login
[logs/Android_Pixel_6_Pro INFO ] 2024-11-06 12:25:51.749 BasePage:56 - entering username:skadge@bridge-intel.com
[logs/Android_Pixel_6_Pro INFO ] 2024-11-06 12:25:52.449 BasePage:44 - click continue
[logs/Android_Pixel_6_Pro INFO ] 2024-11-06 12:25:53.463 BasePage:56 - entering password:Admin@123
[logs/Android_Pixel_6_Pro INFO ] 2024-11-06 12:26:18.610 Basetest:114 - appium server stopped...
[logs/Android_Pixel_6_Pro INFO ] 2024-11-06 12:36:21.166 Basetest:272 - appURL is:http://0.0.0.0:4723
[logs/Android_Pixel_6_Pro INFO ] 2024-11-06 12:36:30.924 LoginPage:42 - entering activation code:gdottest
[logs/Android_Pixel_6_Pro INFO ] 2024-11-06 12:36:35.415 BasePage:46 - Click Login
[logs/Android_Pixel_6_Pro INFO ] 2024-11-06 12:36:38.418 BasePage:59 - entering username:skadge@bridge-intel.com
[logs/Android_Pixel_6_Pro INFO ] 2024-11-06 12:36:39.138 BasePage:46 - click continue
[logs/Android_Pixel_6_Pro INFO ] 2024-11-06 12:36:40.149 BasePage:59 - entering password:Admin@123
[logs/Android_Pixel_6_Pro INFO ] 2024-11-06 12:36:56.739 Basetest:114 - appium server stopped...
[logs/Android_Pixel_6_Pro INFO ] 2024-11-06 14:11:07.659 Basetest:272 - appURL is:http://0.0.0.0:4723
[logs/Android_Pixel_6_Pro INFO ] 2024-11-06 14:11:17.395 LoginPage:42 - entering activation code:gdottest
[logs/Android_Pixel_6_Pro INFO ] 2024-11-06 14:11:21.836 BasePage:46 - Click Login
[logs/Android_Pixel_6_Pro INFO ] 2024-11-06 14:11:25.011 BasePage:59 - entering username:skadge@bridge-intel.com
[logs/Android_Pixel_6_Pro INFO ] 2024-11-06 14:11:25.747 BasePage:46 - click continue
[logs/Android_Pixel_6_Pro INFO ] 2024-11-06 14:11:26.751 BasePage:59 - entering password:Admin@123
[logs/Android_Pixel_6_Pro INFO ] 2024-11-06 14:11:42.907 Basetest:114 - appium server stopped...
[logs/Android_Pixel_6_Pro INFO ] 2024-11-06 14:15:46.094 Basetest:272 - appURL is:http://0.0.0.0:4723
[logs/Android_Pixel_6_Pro INFO ] 2024-11-06 14:15:55.360 LoginPage:42 - entering activation code:gdottest
[logs/Android_Pixel_6_Pro INFO ] 2024-11-06 14:15:59.759 BasePage:46 - Click Login
[logs/Android_Pixel_6_Pro INFO ] 2024-11-06 14:16:02.616 BasePage:59 - entering username:skadge@bridge-intel.com
[logs/Android_Pixel_6_Pro INFO ] 2024-11-06 14:16:03.347 BasePage:46 - click continue
[logs/Android_Pixel_6_Pro INFO ] 2024-11-06 14:16:04.355 BasePage:59 - entering password:Admin@123
[logs/Android_Pixel_6_Pro INFO ] 2024-11-06 14:16:21.072 Basetest:114 - appium server stopped...
[logs/Android_Pixel_6_Pro INFO ] 2024-11-06 18:24:18.260 Basetest:272 - appURL is:http://0.0.0.0:4723
[logs/Android_Pixel_6_Pro INFO ] 2024-11-06 18:24:30.449 LoginPage:42 - entering activation code:gdottest
[logs/Android_Pixel_6_Pro INFO ] 2024-11-06 18:24:34.808 BasePage:46 - Click Login
[logs/Android_Pixel_6_Pro INFO ] 2024-11-06 18:24:38.546 BasePage:59 - entering username:skadge@bridge-intel.com
[logs/Android_Pixel_6_Pro INFO ] 2024-11-06 18:24:39.247 BasePage:46 - click continue
[logs/Android_Pixel_6_Pro INFO ] 2024-11-06 18:24:40.226 BasePage:59 - entering password:Admin@123
[logs/Android_Pixel_6_Pro INFO ] 2024-11-06 18:24:58.099 Basetest:114 - appium server stopped...
